<?xml version="1.0" encoding="UTF-8" ?>
<testsuite failures="0" time="8.822" errors="0" skipped="0" tests="9" name="slacknotifications.teamcity.settings.SlackNotificationSettingsTest">
  <properties>
[...]
</properties>
  <testcase time="0" classname="slacknotifications.teamcity.settings.SlackNotificationSettingsTest" name="test_SingleProxyHostRegex"/>
  <testcase time="0" classname="slacknotifications.teamcity.settings.SlackNotificationSettingsTest" name="test_Regex"/>
  <testcase time="0" classname="slacknotifications.teamcity.settings.SlackNotificationSettingsTest" name="test_ProxyUrlMatching"/>
  <testcase time="2.2" classname="slacknotifications.teamcity.settings.SlackNotificationSettingsTest" name="test_200UsingProxyFromConfig"/>
  <testcase time="2.207" classname="slacknotifications.teamcity.settings.SlackNotificationSettingsTest" name="test_AuthFailWrongCredsUsingProxyFromConfig"/>
  <testcase time="2.206" classname="slacknotifications.teamcity.settings.SlackNotificationSettingsTest" name="test_AuthFailNoCredsUsingProxyFromConfig"/>
  <testcase time="2.206" classname="slacknotifications.teamcity.settings.SlackNotificationSettingsTest" name="test_AuthPassNoCredsUsingProxyFromConfig"/>
  <testcase time="0.002" classname="slacknotifications.teamcity.settings.SlackNotificationSettingsTest" name="test_WebookConfig"/>
  <testcase time="0.001" classname="slacknotifications.teamcity.settings.SlackNotificationSettingsTest" name="test_ReadXml"/>
</testsuite>